Determining if the pthread_create exist failed with the following output:
Change Dir: /home/sw/homo_geo_with_disturbance/build/CMakeFiles/CMakeTmp

Run Build Command:"/usr/bin/make" "cmTC_1b08f/fast"
/usr/bin/make -f CMakeFiles/cmTC_1b08f.dir/build.make CMakeFiles/cmTC_1b08f.dir/build
make[1]: Entering directory '/home/sw/homo_geo_with_disturbance/build/CMakeFiles/CMakeTmp'
Building C object CMakeFiles/cmTC_1b08f.dir/CheckSymbolExists.c.o
/usr/bin/cc    -o CMakeFiles/cmTC_1b08f.dir/CheckSymbolExists.c.o   -c /home/sw/homo_geo_with_disturbance/build/CMakeFiles/CMakeTmp/CheckSymbolExists.c
Linking C executable cmTC_1b08f
/usr/bin/cmake -E cmake_link_script CMakeFiles/cmTC_1b08f.dir/link.txt --verbose=1
/usr/bin/cc      -rdynamic CMakeFiles/cmTC_1b08f.dir/CheckSymbolExists.c.o  -o cmTC_1b08f 
CMakeFiles/cmTC_1b08f.dir/CheckSymbolExists.c.o: In function `main':
CheckSymbolExists.c:(.text+0x1b): undefined reference to `pthread_create'
collect2: error: ld returned 1 exit status
CMakeFiles/cmTC_1b08f.dir/build.make:97: recipe for target 'cmTC_1b08f' failed
make[1]: *** [cmTC_1b08f] Error 1
make[1]: Leaving directory '/home/sw/homo_geo_with_disturbance/build/CMakeFiles/CMakeTmp'
Makefile:126: recipe for target 'cmTC_1b08f/fast' failed
make: *** [cmTC_1b08f/fast] Error 2

File /home/sw/homo_geo_with_disturbance/build/CMakeFiles/CMakeTmp/CheckSymbolExists.c:
/* */
#include <pthread.h>

int main(int argc, char** argv)
{
  (void)argv;
#ifndef pthread_create
  return ((int*)(&pthread_create))[argc];
#else
  (void)argc;
  return 0;
#endif
}

Determining if the function pthread_create exists in the pthreads failed with the following output:
Change Dir: /home/sw/homo_geo_with_disturbance/build/CMakeFiles/CMakeTmp

Run Build Command:"/usr/bin/make" "cmTC_ffc87/fast"
/usr/bin/make -f CMakeFiles/cmTC_ffc87.dir/build.make CMakeFiles/cmTC_ffc87.dir/build
make[1]: Entering directory '/home/sw/homo_geo_with_disturbance/build/CMakeFiles/CMakeTmp'
Building C object CMakeFiles/cmTC_ffc87.dir/CheckFunctionExists.c.o
/usr/bin/cc   -DCHECK_FUNCTION_EXISTS=pthread_create   -o CMakeFiles/cmTC_ffc87.dir/CheckFunctionExists.c.o   -c /usr/share/cmake-3.10/Modules/CheckFunctionExists.c
Linking C executable cmTC_ffc87
/usr/bin/cmake -E cmake_link_script CMakeFiles/cmTC_ffc87.dir/link.txt --verbose=1
/usr/bin/cc  -DCHECK_FUNCTION_EXISTS=pthread_create    -rdynamic CMakeFiles/cmTC_ffc87.dir/CheckFunctionExists.c.o  -o cmTC_ffc87 -lpthreads 
/usr/bin/ld: cannot find -lpthreads
collect2: error: ld returned 1 exit status
CMakeFiles/cmTC_ffc87.dir/build.make:97: recipe for target 'cmTC_ffc87' failed
make[1]: *** [cmTC_ffc87] Error 1
make[1]: Leaving directory '/home/sw/homo_geo_with_disturbance/build/CMakeFiles/CMakeTmp'
Makefile:126: recipe for target 'cmTC_ffc87/fast' failed
make: *** [cmTC_ffc87/fast] Error 2


